# JRE version: OpenJDK Runtime Environment (17.0.11) (build 17.0.11+0--11852314)
# Java VM: OpenJDK 64-Bit Server VM (17.0.11+0--11852314, mixed mode, tiered, compressed oops, compressed class ptrs, g1 gc, windows-amd64)
GC Precious Log:
 CPUs: 8 total, 8 available
 Memory: 7930M
 Large Page Support: Disabled
 NUMA Support: Disabled
 Compressed Oops: Enabled (32-bit)
 Heap Region Size: 1M
 Heap Min Capacity: 8M
 Heap Initial Capacity: 124M
 Heap Max Capacity: 2G
 Pre-touch: Disabled
 Parallel Workers: 8
 Concurrent Workers: 2
 Concurrent Refinement Workers: 8
 Periodic GC: Disabled
Heap:
 garbage-first heap   total 78848K, used 40662K [0x0000000080000000, 0x0000000100000000)
  region size 1024K, 16 young (16384K), 5 survivors (5120K)
 Metaspace       used 42475K, committed 42880K, reserved 1114112K
  class space    used 5651K, committed 5824K, reserved 1048576K
GC Heap History (18 events):
Event: 1.162 GC heap before
{Heap before GC invocations=0 (full 0):
 garbage-first heap   total 126976K, used 22528K [0x0000000080000000, 0x0000000100000000)
  region size 1024K, 23 young (23552K), 0 survivors (0K)
 Metaspace       used 7760K, committed 7936K, reserved 1114112K
  class space    used 672K, committed 768K, reserved 1048576K
}
Event: 1.168 GC heap after
{Heap after GC invocations=1 (full 0):
 garbage-first heap   total 126976K, used 5248K [0x0000000080000000, 0x0000000100000000)
  region size 1024K, 3 young (3072K), 3 survivors (3072K)
 Metaspace       used 7760K, committed 7936K, reserved 1114112K
  class space    used 672K, committed 768K, reserved 1048576K
}
Event: 2.235 GC heap before
{Heap before GC invocations=1 (full 0):
 garbage-first heap   total 126976K, used 40064K [0x0000000080000000, 0x0000000100000000)
  region size 1024K, 34 young (34816K), 3 survivors (3072K)
 Metaspace       used 11834K, committed 12032K, reserved 1114112K
  class space    used 1253K, committed 1344K, reserved 1048576K
}
Event: 2.242 GC heap after
{Heap after GC invocations=2 (full 0):
 garbage-first heap   total 126976K, used 11861K [0x0000000080000000, 0x0000000100000000)
  region size 1024K, 3 young (3072K), 3 survivors (3072K)
 Metaspace       used 11834K, committed 12032K, reserved 1114112K
  class space    used 1253K, committed 1344K, reserved 1048576K
}
Event: 3.098 GC heap before
{Heap before GC invocations=2 (full 0):
 garbage-first heap   total 126976K, used 57941K [0x0000000080000000, 0x0000000100000000)
  region size 1024K, 46 young (47104K), 3 survivors (3072K)
 Metaspace       used 12497K, committed 12672K, reserved 1114112K
  class space    used 1368K, committed 1472K, reserved 1048576K
}
Event: 3.105 GC heap after
{Heap after GC invocations=3 (full 0):
 garbage-first heap   total 126976K, used 17408K [0x0000000080000000, 0x0000000100000000)
  region size 1024K, 6 young (6144K), 6 survivors (6144K)
 Metaspace       used 12497K, committed 12672K, reserved 1114112K
  class space    used 1368K, committed 1472K, reserved 1048576K
}
Event: 4.123 GC heap before
{Heap before GC invocations=3 (full 0):
 garbage-first heap   total 126976K, used 48128K [0x0000000080000000, 0x0000000100000000)
  region size 1024K, 37 young (37888K), 6 survivors (6144K)
 Metaspace       used 21338K, committed 21504K, reserved 1114112K
  class space    used 2504K, committed 2624K, reserved 1048576K
}
Event: 4.131 GC heap after
{Heap after GC invocations=4 (full 0):
 garbage-first heap   total 126976K, used 20886K [0x0000000080000000, 0x0000000100000000)
  region size 1024K, 8 young (8192K), 8 survivors (8192K)
 Metaspace       used 21338K, committed 21504K, reserved 1114112K
  class space    used 2504K, committed 2624K, reserved 1048576K
}
Event: 5.778 GC heap before
{Heap before GC invocations=5 (full 0):
 garbage-first heap   total 78848K, used 58774K [0x0000000080000000, 0x0000000100000000)
  region size 1024K, 46 young (47104K), 8 survivors (8192K)
 Metaspace       used 27060K, committed 27328K, reserved 1114112K
  class space    used 3463K, committed 3584K, reserved 1048576K
}
Event: 5.784 GC heap after
{Heap after GC invocations=6 (full 0):
 garbage-first heap   total 78848K, used 23379K [0x0000000080000000, 0x0000000100000000)
  region size 1024K, 3 young (3072K), 3 survivors (3072K)
 Metaspace       used 27060K, committed 27328K, reserved 1114112K
  class space    used 3463K, committed 3584K, reserved 1048576K
}
Event: 6.867 GC heap before
{Heap before GC invocations=6 (full 0):
 garbage-first heap   total 78848K, used 55123K [0x0000000080000000, 0x0000000100000000)
  region size 1024K, 34 young (34816K), 3 survivors (3072K)
 Metaspace       used 30861K, committed 31232K, reserved 1114112K
  class space    used 4092K, committed 4288K, reserved 1048576K
}
Event: 6.871 GC heap after
{Heap after GC invocations=7 (full 0):
 garbage-first heap   total 78848K, used 24973K [0x0000000080000000, 0x0000000100000000)
  region size 1024K, 4 young (4096K), 4 survivors (4096K)
 Metaspace       used 30861K, committed 31232K, reserved 1114112K
  class space    used 4092K, committed 4288K, reserved 1048576K
}
Event: 7.793 GC heap before
{Heap before GC invocations=7 (full 0):
 garbage-first heap   total 78848K, used 56717K [0x0000000080000000, 0x0000000100000000)
  region size 1024K, 36 young (36864K), 4 survivors (4096K)
 Metaspace       used 34979K, committed 35328K, reserved 1114112K
  class space    used 4764K, committed 4928K, reserved 1048576K
}
Event: 7.796 GC heap after
{Heap after GC invocations=8 (full 0):
 garbage-first heap   total 78848K, used 26382K [0x0000000080000000, 0x0000000100000000)
  region size 1024K, 4 young (4096K), 4 survivors (4096K)
 Metaspace       used 34979K, committed 35328K, reserved 1114112K
  class space    used 4764K, committed 4928K, reserved 1048576K
}
Event: 7.946 GC heap before
{Heap before GC invocations=8 (full 0):
 garbage-first heap   total 78848K, used 31502K [0x0000000080000000, 0x0000000100000000)
  region size 1024K, 10 young (10240K), 4 survivors (4096K)
 Metaspace       used 35613K, committed 35968K, reserved 1114112K
  class space    used 4867K, committed 5056K, reserved 1048576K
}
Event: 7.950 GC heap after
{Heap after GC invocations=9 (full 0):
 garbage-first heap   total 78848K, used 26931K [0x0000000080000000, 0x0000000100000000)
  region size 1024K, 2 young (2048K), 2 survivors (2048K)
 Metaspace       used 35613K, committed 35968K, reserved 1114112K
  class space    used 4867K, committed 5056K, reserved 1048576K
}
Event: 8.767 GC heap before
{Heap before GC invocations=10 (full 0):
 garbage-first heap   total 78848K, used 58675K [0x0000000080000000, 0x0000000100000000)
  region size 1024K, 34 young (34816K), 2 survivors (2048K)
 Metaspace       used 42107K, committed 42432K, reserved 1114112K
  class space    used 5617K, committed 5760K, reserved 1048576K
}
Event: 8.772 GC heap after
{Heap after GC invocations=11 (full 0):
 garbage-first heap   total 78848K, used 30422K [0x0000000080000000, 0x0000000100000000)
  region size 1024K, 5 young (5120K), 5 survivors (5120K)
 Metaspace       used 42107K, committed 42432K, reserved 1114112K
  class space    used 5617K, committed 5760K, reserved 1048576K
}

